time="2022-01-26 22:36:35" level=warning Agent="Mozilla/5.0 (Windows NT 10.0; Win64; x64) AppleWebKit/537.36 (KHTML, like Gecko) Chrome/97.0.4692.99 Safari/537.36" DataSize=0 HostName=APAN-2019 Ip="::1" Method=GET Path=/ SpendTime="0 ms" status=404
time="2022-01-26 22:36:35" level=warning Agent="Mozilla/5.0 (Windows NT 10.0; Win64; x64) AppleWebKit/537.36 (KHTML, like Gecko) Chrome/97.0.4692.99 Safari/537.36" DataSize=0 HostName=APAN-2019 Ip="::1" Method=GET Path=/favicon.ico SpendTime="0 ms" status=404
time="2022-01-26 22:40:04" level=warning Agent="Mozilla/5.0 (Windows NT 10.0; Win64; x64) AppleWebKit/537.36 (KHTML, like Gecko) Chrome/97.0.4692.99 Safari/537.36" DataSize=0 HostName=APAN-2019 Ip="::1" Method=GET Path=/admin SpendTime="0 ms" status=404
time="2022-01-26 22:43:43" level=info Agent="Mozilla/5.0 (Windows NT 10.0; Win64; x64) AppleWebKit/537.36 (KHTML, like Gecko) Chrome/97.0.4692.99 Safari/537.36" DataSize=1785 HostName=APAN-2019 Ip="::1" Method=GET Path=/admin SpendTime="0 ms" status=200
time="2022-01-26 22:43:43" level=info Agent="Mozilla/5.0 (Windows NT 10.0; Win64; x64) AppleWebKit/537.36 (KHTML, like Gecko) Chrome/97.0.4692.99 Safari/537.36" DataSize=12391 HostName=APAN-2019 Ip="::1" Method=GET Path=/admin/js/app.09257828.js SpendTime="117 ms" status=200
time="2022-01-26 22:43:43" level=info Agent="Mozilla/5.0 (Windows NT 10.0; Win64; x64) AppleWebKit/537.36 (KHTML, like Gecko) Chrome/97.0.4692.99 Safari/537.36" DataSize=138 HostName=APAN-2019 Ip="::1" Method=GET Path=/admin/css/app.a3fed5bb.css SpendTime="119 ms" status=200
time="2022-01-26 22:43:43" level=info Agent="Mozilla/5.0 (Windows NT 10.0; Win64; x64) AppleWebKit/537.36 (KHTML, like Gecko) Chrome/97.0.4692.99 Safari/537.36" DataSize=60910 HostName=APAN-2019 Ip="::1" Method=GET Path=/admin/css/AddArt.33d84d2f.css SpendTime="115 ms" status=200
time="2022-01-26 22:43:43" level=info Agent="Mozilla/5.0 (Windows NT 10.0; Win64; x64) AppleWebKit/537.36 (KHTML, like Gecko) Chrome/97.0.4692.99 Safari/537.36" DataSize=397 HostName=APAN-2019 Ip="::1" Method=GET Path=/admin/css/Admin.d0e18252.css SpendTime="114 ms" status=200
time="2022-01-26 22:43:43" level=info Agent="Mozilla/5.0 (Windows NT 10.0; Win64; x64) AppleWebKit/537.36 (KHTML, like Gecko) Chrome/97.0.4692.99 Safari/537.36" DataSize=166 HostName=APAN-2019 Ip="::1" Method=GET Path=/admin/css/ArtList.31efa42c.css SpendTime="4 ms" status=200
time="2022-01-26 22:43:43" level=info Agent="Mozilla/5.0 (Windows NT 10.0; Win64; x64) AppleWebKit/537.36 (KHTML, like Gecko) Chrome/97.0.4692.99 Safari/537.36" DataSize=65 HostName=APAN-2019 Ip="::1" Method=GET Path=/admin/css/CateList.8a159426.css SpendTime="3 ms" status=200
time="2022-01-26 22:43:43" level=info Agent="Mozilla/5.0 (Windows NT 10.0; Win64; x64) AppleWebKit/537.36 (KHTML, like Gecko) Chrome/97.0.4692.99 Safari/537.36" DataSize=107 HostName=APAN-2019 Ip="::1" Method=GET Path=/admin/css/UserList.98bb0afc.css SpendTime="3 ms" status=200
time="2022-01-26 22:43:43" level=info Agent="Mozilla/5.0 (Windows NT 10.0; Win64; x64) AppleWebKit/537.36 (KHTML, like Gecko) Chrome/97.0.4692.99 Safari/537.36" DataSize=393 HostName=APAN-2019 Ip="::1" Method=GET Path=/admin/css/Login.d975822d.css SpendTime="4 ms" status=200
time="2022-01-26 22:43:43" level=info Agent="Mozilla/5.0 (Windows NT 10.0; Win64; x64) AppleWebKit/537.36 (KHTML, like Gecko) Chrome/97.0.4692.99 Safari/537.36" DataSize=276605 HostName=APAN-2019 Ip="::1" Method=GET Path=/admin/css/chunk-vendors.b4ef9c53.css SpendTime="150 ms" status=200
time="2022-01-26 22:43:43" level=info Agent="Mozilla/5.0 (Windows NT 10.0; Win64; x64) AppleWebKit/537.36 (KHTML, like Gecko) Chrome/97.0.4692.99 Safari/537.36" DataSize=14443 HostName=APAN-2019 Ip="::1" Method=GET Path="/admin/js/AddArt~ArtList~CateList~UserList.d7ce1851.js" SpendTime="30 ms" status=200
time="2022-01-26 22:43:43" level=info Agent="Mozilla/5.0 (Windows NT 10.0; Win64; x64) AppleWebKit/537.36 (KHTML, like Gecko) Chrome/97.0.4692.99 Safari/537.36" DataSize=13211 HostName=APAN-2019 Ip="::1" Method=GET Path=/admin/js/ArtList.008abe6c.js SpendTime="33 ms" status=200
time="2022-01-26 22:43:43" level=info Agent="Mozilla/5.0 (Windows NT 10.0; Win64; x64) AppleWebKit/537.36 (KHTML, like Gecko) Chrome/97.0.4692.99 Safari/537.36" DataSize=8109 HostName=APAN-2019 Ip="::1" Method=GET Path=/admin/js/CateList.6319ed18.js SpendTime="10 ms" status=200
time="2022-01-26 22:43:43" level=info Agent="Mozilla/5.0 (Windows NT 10.0; Win64; x64) AppleWebKit/537.36 (KHTML, like Gecko) Chrome/97.0.4692.99 Safari/537.36" DataSize=449 HostName=APAN-2019 Ip="::1" Method=GET Path=/admin/js/Index.edefd617.js SpendTime="5 ms" status=200
time="2022-01-26 22:43:43" level=info Agent="Mozilla/5.0 (Windows NT 10.0; Win64; x64) AppleWebKit/537.36 (KHTML, like Gecko) Chrome/97.0.4692.99 Safari/537.36" DataSize=9446 HostName=APAN-2019 Ip="::1" Method=GET Path=/admin/js/Login.654279f4.js SpendTime="11 ms" status=200
time="2022-01-26 22:43:43" level=info Agent="Mozilla/5.0 (Windows NT 10.0; Win64; x64) AppleWebKit/537.36 (KHTML, like Gecko) Chrome/97.0.4692.99 Safari/537.36" DataSize=2898 HostName=APAN-2019 Ip="::1" Method=GET Path=/admin/js/Admin.1b191faa.js SpendTime="46 ms" status=200
time="2022-01-26 22:43:43" level=info Agent="Mozilla/5.0 (Windows NT 10.0; Win64; x64) AppleWebKit/537.36 (KHTML, like Gecko) Chrome/97.0.4692.99 Safari/537.36" DataSize=35512 HostName=APAN-2019 Ip="::1" Method=GET Path=/admin/js/UserList.ab6b22de.js SpendTime="25 ms" status=200
time="2022-01-26 22:43:43" level=info Agent="Mozilla/5.0 (Windows NT 10.0; Win64; x64) AppleWebKit/537.36 (KHTML, like Gecko) Chrome/97.0.4692.99 Safari/537.36" DataSize=1483716 HostName=APAN-2019 Ip="::1" Method=GET Path=/admin/js/chunk-vendors.a91c0ea6.js SpendTime="365 ms" status=200
time="2022-01-26 22:43:43" level=info Agent="Mozilla/5.0 (Windows NT 10.0; Win64; x64) AppleWebKit/537.36 (KHTML, like Gecko) Chrome/97.0.4692.99 Safari/537.36" DataSize=1237059 HostName=APAN-2019 Ip="::1" Method=GET Path=/admin/js/AddArt.f99f92da.js SpendTime="262 ms" status=200
time="2022-01-26 22:43:43" level=info Agent="Mozilla/5.0 (Windows NT 10.0; Win64; x64) AppleWebKit/537.36 (KHTML, like Gecko) Chrome/97.0.4692.99 Safari/537.36" DataSize=9662 HostName=APAN-2019 Ip="::1" Method=GET Path=/admin/favicon.ico SpendTime="7 ms" status=200
